\BOOKMARK [1][-]{section.1}{Physikalische Grundlagen}{}% 1
\BOOKMARK [2][-]{subsection.1.1}{Hyperfeinwechselwirkungen}{section.1}% 2
\BOOKMARK [3][-]{subsubsection.1.1.1}{Magnetischer Kernspineffekt}{subsection.1.1}% 3
\BOOKMARK [3][-]{subsubsection.1.1.2}{Elektrische Kernspineffekte}{subsection.1.1}% 4
\BOOKMARK [3][-]{subsubsection.1.1.3}{Isotopeneffekte}{subsection.1.1}% 5
\BOOKMARK [2][-]{subsection.1.2}{Mauereffekt}{section.1}% 6
\BOOKMARK [2][-]{subsection.1.3}{Dopplereffekt}{section.1}% 7
\BOOKMARK [2][-]{subsection.1.4}{Radioaktiver Zerfall}{section.1}% 8
\BOOKMARK [1][-]{section.2}{Durchfhrung}{}% 9
\BOOKMARK [2][-]{subsection.2.1}{Kalibrierung}{section.2}% 10
\BOOKMARK [2][-]{subsection.2.2}{Eisenfolie}{section.2}% 11
\BOOKMARK [2][-]{subsection.2.3}{Ferrocen}{section.2}% 12
\BOOKMARK [2][-]{subsection.2.4}{Auswirkungen eines Magnetfeldes}{section.2}% 13
\BOOKMARK [1][-]{section.3}{Analyse}{}% 14
\BOOKMARK [2][-]{subsection.3.1}{Kalibrierung}{section.3}% 15
\BOOKMARK [2][-]{subsection.3.2}{Mauerspektrum von 57Fe}{section.3}% 16
\BOOKMARK [2][-]{subsection.3.3}{Anpassungen des Modells fr Eisen}{section.3}% 17
\BOOKMARK [3][-]{subsubsection.3.3.1}{Grundmodell}{subsection.3.3}% 18
\BOOKMARK [3][-]{subsubsection.3.3.2}{Anpassung auf ein rein magnetisches Feld}{subsection.3.3}% 19
\BOOKMARK [3][-]{subsubsection.3.3.3}{Einfluss der Probendicke}{subsection.3.3}% 20
\BOOKMARK [3][-]{subsubsection.3.3.4}{Ausrichtung des Magnetfelds der Atome}{subsection.3.3}% 21
\BOOKMARK [3][-]{subsubsection.3.3.5}{Variation des Magnetfeldes}{subsection.3.3}% 22
\BOOKMARK [2][-]{subsection.3.4}{Beschreibung und Erklng der Beobachtungen fr Eisen}{section.3}% 23
\BOOKMARK [2][-]{subsection.3.5}{Anpassungen des Modells fr Ferrocen}{section.3}% 24
\BOOKMARK [1][-]{section.4}{Fazit}{}% 25
\BOOKMARK [1][-]{section*.13}{Literatur}{}% 26
